nohup: ignoring input

  .   ____          _            __ _ _
 /\\ / ___'_ __ _ _(_)_ __  __ _ \ \ \ \
( ( )\___ | '_ | '_| | '_ \/ _` | \ \ \ \
 \\/  ___)| |_)| | | | | || (_| |  ) ) ) )
  '  |____| .__|_| |_|_| |_\__, | / / / /
 =========|_|==============|___/=/_/_/_/

 :: Spring Boot ::                (v3.4.4)

2025-04-25T01:51:33.633+09:00  INFO 25596 --- [roflparser] [           main] c.e.roflparser.RoflparserApplication     : Starting RoflparserApplication v0.0.1-SNAPSHOT using Java 17.0.12 with PID 25596 (C:\rofibot\back\roflparser\build\libs\roflparser-0.0.1-SNAPSHOT.jar started by ±ÔÈ« in C:\rofibot\back\roflparser)
2025-04-25T01:51:33.637+09:00  INFO 25596 --- [roflparser] [           main] c.e.roflparser.RoflparserApplication     : No active profile set, falling back to 1 default profile: "default"
2025-04-25T01:51:34.739+09:00  INFO 25596 --- [roflparser] [           main] .s.d.r.c.RepositoryConfigurationDelegate : Bootstrapping Spring Data JPA repositories in DEFAULT mode.
2025-04-25T01:51:34.808+09:00  INFO 25596 --- [roflparser] [           main] .s.d.r.c.RepositoryConfigurationDelegate : Finished Spring Data repository scanning in 58 ms. Found 3 JPA repository interfaces.
2025-04-25T01:51:35.648+09:00  INFO 25596 --- [roflparser] [           main] o.s.b.w.embedded.tomcat.TomcatWebServer  : Tomcat initialized with port 8080 (http)
2025-04-25T01:51:35.662+09:00  INFO 25596 --- [roflparser] [           main] o.apache.catalina.core.StandardService   : Starting service [Tomcat]
2025-04-25T01:51:35.662+09:00  INFO 25596 --- [roflparser] [           main] o.apache.catalina.core.StandardEngine    : Starting Servlet engine: [Apache Tomcat/10.1.39]
2025-04-25T01:51:35.707+09:00  INFO 25596 --- [roflparser] [           main] o.a.c.c.C.[Tomcat].[localhost].[/]       : Initializing Spring embedded WebApplicationContext
2025-04-25T01:51:35.709+09:00  INFO 25596 --- [roflparser] [           main] w.s.c.ServletWebServerApplicationContext : Root WebApplicationContext: initialization completed in 2015 ms
2025-04-25T01:51:36.030+09:00  INFO 25596 --- [roflparser] [           main] o.hibernate.jpa.internal.util.LogHelper  : HHH000204: Processing PersistenceUnitInfo [name: default]
2025-04-25T01:51:36.095+09:00  INFO 25596 --- [roflparser] [           main] org.hibernate.Version                    : HHH000412: Hibernate ORM core version 6.6.11.Final
2025-04-25T01:51:36.131+09:00  INFO 25596 --- [roflparser] [           main] o.h.c.internal.RegionFactoryInitiator    : HHH000026: Second-level cache disabled
2025-04-25T01:51:36.485+09:00  INFO 25596 --- [roflparser] [           main] o.s.o.j.p.SpringPersistenceUnitInfo      : No LoadTimeWeaver setup: ignoring JPA class transformer
2025-04-25T01:51:36.517+09:00  INFO 25596 --- [roflparser] [           main] com.zaxxer.hikari.HikariDataSource       : HikariPool-1 - Starting...
2025-04-25T01:51:36.618+09:00  INFO 25596 --- [roflparser] [           main] com.zaxxer.hikari.pool.HikariPool        : HikariPool-1 - Added connection org.mariadb.jdbc.Connection@26679788
2025-04-25T01:51:36.621+09:00  INFO 25596 --- [roflparser] [           main] com.zaxxer.hikari.HikariDataSource       : HikariPool-1 - Start completed.
2025-04-25T01:51:36.655+09:00  WARN 25596 --- [roflparser] [           main] org.hibernate.orm.deprecation            : HHH90000025: MariaDBDialect does not need to be specified explicitly using 'hibernate.dialect' (remove the property setting and it will be selected by default)
2025-04-25T01:51:36.679+09:00  INFO 25596 --- [roflparser] [           main] org.hibernate.orm.connections.pooling    : HHH10001005: Database info:
	Database JDBC URL [Connecting through datasource 'HikariDataSource (HikariPool-1)']
	Database driver: undefined/unknown
	Database version: 11.7.2
	Autocommit mode: undefined/unknown
	Isolation level: undefined/unknown
	Minimum pool size: undefined/unknown
	Maximum pool size: undefined/unknown
2025-04-25T01:51:37.507+09:00  INFO 25596 --- [roflparser] [           main] o.h.e.t.j.p.i.JtaPlatformInitiator       : HHH000489: No JTA platform available (set 'hibernate.transaction.jta.platform' to enable JTA platform integration)
2025-04-25T01:51:37.598+09:00  INFO 25596 --- [roflparser] [           main] j.LocalContainerEntityManagerFactoryBean : Initialized JPA EntityManagerFactory for persistence unit 'default'
2025-04-25T01:51:38.211+09:00  WARN 25596 --- [roflparser] [           main] JpaBaseConfiguration$JpaWebConfiguration : spring.jpa.open-in-view is enabled by default. Therefore, database queries may be performed during view rendering. Explicitly configure spring.jpa.open-in-view to disable this warning
2025-04-25T01:51:38.292+09:00  INFO 25596 --- [roflparser] [           main] o.s.v.b.OptionalValidatorFactoryBean     : Failed to set up a Bean Validation provider: jakarta.validation.NoProviderFoundException: Unable to create a Configuration, because no Jakarta Bean Validation provider could be found. Add a provider like Hibernate Validator (RI) to your classpath.
2025-04-25T01:51:39.025+09:00  INFO 25596 --- [roflparser] [           main] o.s.b.a.e.web.EndpointLinksResolver      : Exposing 1 endpoint beneath base path '/actuator'
2025-04-25T01:51:39.143+09:00  INFO 25596 --- [roflparser] [           main] o.s.b.w.embedded.tomcat.TomcatWebServer  : Tomcat started on port 8080 (http) with context path '/'
2025-04-25T01:51:39.166+09:00  INFO 25596 --- [roflparser] [           main] c.e.roflparser.RoflparserApplication     : Started RoflparserApplication in 6.015 seconds (process running for 6.53)
